2005.01.11 01:55 B C:\WINDOWS\Desktop\wedding\peachjuice\index.html <-- mainem /www_root/wedding index.html
2005.01.11 01:55 B C:\WINDOWS\Desktop\wedding\peachjuice\in.html <-- mainem /www_root/wedding in.html
2005.01.11 01:55 B C:\WINDOWS\Desktop\wedding\peachjuice\wedding.js <-- mainem /www_root/wedding wedding.js
2005.01.13 22:26 B C:\WINDOWS\Desktop\wedding\peachjuice\wedding.js <-- peachjuice /htdocs wedding.js
2005.01.13 22:26 B C:\WINDOWS\Desktop\wedding\peachjuice\in.html <-- peachjuice /htdocs in.html
2005.01.13 22:27 B C:\WINDOWS\Desktop\wedding\peachjuice\meickle.jpg <-- peachjuice /htdocs meickle.jpg
2005.01.13 22:27 B C:\WINDOWS\Desktop\wedding\peachjuice\smileych.jpg <-- peachjuice /htdocs smileych.jpg
2005.01.13 22:27 B C:\WINDOWS\Desktop\wedding\peachjuice\guest_list_04_12.xls <-- peachjuice /htdocs guest_list_04_12.xls
2005.01.13 22:27 B C:\WINDOWS\Desktop\wedding\peachjuice\wed_to_ma.xls <-- peachjuice /htdocs wed_to_ma.xls
2005.01.14 02:12 B C:\WINDOWS\Desktop\wedding\peachjuice\in.html --> ftp.peachjuice.net /htdocs in.html
2005.01.14 02:12 B C:\WINDOWS\Desktop\wedding\peachjuice\index.html --> ftp.peachjuice.net /htdocs index.html
2005.01.14 02:16 B C:\WINDOWS\Desktop\wedding\peachjuice\wedding.js --> ftp.peachjuice.net /htdocs wedding.js
2005.01.21 01:19 B C:\WINDOWS\Desktop\wedding\peachjuice\050115_in.html <-- peachjuice /htdocs 050115_in.html
2005.01.21 01:19 B C:\WINDOWS\Desktop\wedding\peachjuice\050115_index.html <-- peachjuice /htdocs 050115_index.html
2005.01.21 01:19 B C:\WINDOWS\Desktop\wedding\peachjuice\guest_list_04_12.xls <-- peachjuice /htdocs guest_list_04_12.xls
2005.01.21 01:19 B C:\WINDOWS\Desktop\wedding\peachjuice\in.html <-- peachjuice /htdocs in.html
2005.01.21 01:19 B C:\WINDOWS\Desktop\wedding\peachjuice\index.html <-- peachjuice /htdocs index.html
2005.01.21 01:19 B C:\WINDOWS\Desktop\wedding\peachjuice\meickle.jpg <-- peachjuice /htdocs meickle.jpg
2005.01.21 01:19 B C:\WINDOWS\Desktop\wedding\peachjuice\smileych.jpg <-- peachjuice /htdocs smileych.jpg
2005.01.21 01:19 B C:\WINDOWS\Desktop\wedding\peachjuice\wed_to_ma.xls <-- peachjuice /htdocs wed_to_ma.xls
2005.01.21 01:19 B C:\WINDOWS\Desktop\wedding\peachjuice\wedding.js <-- peachjuice /htdocs wedding.js
