2005.01.11 01:55 B C:\WINDOWS\Desktop\wedding\peachjuice\in\extras.html --> ftp.mainem.co.uk /www_root/wedding/in extras.html
2005.01.11 01:55 B C:\WINDOWS\Desktop\wedding\peachjuice\in\index.html --> ftp.mainem.co.uk /www_root/wedding/in index.html
2005.01.11 01:55 B C:\WINDOWS\Desktop\wedding\peachjuice\in\people.html --> ftp.mainem.co.uk /www_root/wedding/in people.html
2005.01.11 01:55 B C:\WINDOWS\Desktop\wedding\peachjuice\in\staying.html --> ftp.mainem.co.uk /www_root/wedding/in staying.html
2005.01.13 22:27 B C:\WINDOWS\Desktop\wedding\peachjuice\in\quiz.html <-- peachjuice /htdocs/in quiz.html
2005.01.13 22:27 B C:\WINDOWS\Desktop\wedding\peachjuice\in\result.html <-- peachjuice /htdocs/in result.html
2005.01.13 22:27 B C:\WINDOWS\Desktop\wedding\peachjuice\in\extras.html <-- peachjuice /htdocs/in extras.html
2005.01.13 22:27 B C:\WINDOWS\Desktop\wedding\peachjuice\in\index.html <-- peachjuice /htdocs/in index.html
2005.01.13 22:27 B C:\WINDOWS\Desktop\wedding\peachjuice\in\people.html <-- peachjuice /htdocs/in people.html
2005.01.13 22:27 B C:\WINDOWS\Desktop\wedding\peachjuice\in\quiz.html <-- peachjuice /htdocs/in quiz.html
2005.01.13 22:27 B C:\WINDOWS\Desktop\wedding\peachjuice\in\result.html <-- peachjuice /htdocs/in result.html
2005.01.13 22:27 B C:\WINDOWS\Desktop\wedding\peachjuice\in\staying.html <-- peachjuice /htdocs/in staying.html
2005.01.14 01:58 B C:\WINDOWS\Desktop\wedding\peachjuice\in\contact.html --> ftp.peachjuice.net /htdocs/in contact.html
2005.01.14 01:58 B C:\WINDOWS\Desktop\wedding\peachjuice\in\people.html --> ftp.peachjuice.net /htdocs/in people.html
2005.01.14 01:58 B C:\WINDOWS\Desktop\wedding\peachjuice\in\index.html --> ftp.peachjuice.net /htdocs/in index.html
2005.01.14 01:58 B C:\WINDOWS\Desktop\wedding\peachjuice\in\contact.html --> ftp.peachjuice.net /htdocs/in contact.html
2005.01.14 01:58 B C:\WINDOWS\Desktop\wedding\peachjuice\in\events.html --> ftp.peachjuice.net /htdocs/in events.html
2005.01.14 01:58 B C:\WINDOWS\Desktop\wedding\peachjuice\in\extras.html --> ftp.peachjuice.net /htdocs/in extras.html
2005.01.14 01:58 B C:\WINDOWS\Desktop\wedding\peachjuice\in\index.html --> ftp.peachjuice.net /htdocs/in index.html
2005.01.14 01:58 B C:\WINDOWS\Desktop\wedding\peachjuice\in\people.html --> ftp.peachjuice.net /htdocs/in people.html
2005.01.14 01:58 B C:\WINDOWS\Desktop\wedding\peachjuice\in\quiz.html --> ftp.peachjuice.net /htdocs/in quiz.html
2005.01.14 01:58 B C:\WINDOWS\Desktop\wedding\peachjuice\in\result.html --> ftp.peachjuice.net /htdocs/in result.html
2005.01.14 01:58 B C:\WINDOWS\Desktop\wedding\peachjuice\in\staying.html --> ftp.peachjuice.net /htdocs/in staying.html
2005.01.14 02:13 B C:\WINDOWS\Desktop\wedding\peachjuice\in\contact.html --> ftp.peachjuice.net /htdocs/in contact.html
2005.01.14 02:13 B C:\WINDOWS\Desktop\wedding\peachjuice\in\events.html --> ftp.peachjuice.net /htdocs/in events.html
2005.01.14 02:13 B C:\WINDOWS\Desktop\wedding\peachjuice\in\extras.html --> ftp.peachjuice.net /htdocs/in extras.html
2005.01.14 02:13 B C:\WINDOWS\Desktop\wedding\peachjuice\in\index.html --> ftp.peachjuice.net /htdocs/in index.html
2005.01.14 02:13 B C:\WINDOWS\Desktop\wedding\peachjuice\in\people.html --> ftp.peachjuice.net /htdocs/in people.html
2005.01.14 02:13 B C:\WINDOWS\Desktop\wedding\peachjuice\in\quiz.html --> ftp.peachjuice.net /htdocs/in quiz.html
2005.01.14 02:13 B C:\WINDOWS\Desktop\wedding\peachjuice\in\result.html --> ftp.peachjuice.net /htdocs/in result.html
2005.01.14 02:13 B C:\WINDOWS\Desktop\wedding\peachjuice\in\staying.html --> ftp.peachjuice.net /htdocs/in staying.html
2005.01.14 02:13 B C:\WINDOWS\Desktop\wedding\peachjuice\in\WS_FTP.LOG --> ftp.peachjuice.net /htdocs/in WS_FTP.LOG
2005.01.21 01:19 B C:\WINDOWS\Desktop\wedding\peachjuice\in\contact.html <-- peachjuice /htdocs/in contact.html
2005.01.21 01:19 B C:\WINDOWS\Desktop\wedding\peachjuice\in\events.html <-- peachjuice /htdocs/in events.html
2005.01.21 01:19 B C:\WINDOWS\Desktop\wedding\peachjuice\in\extras.html <-- peachjuice /htdocs/in extras.html
2005.01.21 01:19 B C:\WINDOWS\Desktop\wedding\peachjuice\in\index.html <-- peachjuice /htdocs/in index.html
2005.01.21 01:19 B C:\WINDOWS\Desktop\wedding\peachjuice\in\nottoldyet.html <-- peachjuice /htdocs/in nottoldyet.html
2005.01.21 01:19 B C:\WINDOWS\Desktop\wedding\peachjuice\in\people.html <-- peachjuice /htdocs/in people.html
2005.01.21 01:19 B C:\WINDOWS\Desktop\wedding\peachjuice\in\people_160105.html <-- peachjuice /htdocs/in people_160105.html
2005.01.21 01:19 B C:\WINDOWS\Desktop\wedding\peachjuice\in\quiz.html <-- peachjuice /htdocs/in quiz.html
2005.01.21 01:19 B C:\WINDOWS\Desktop\wedding\peachjuice\in\result.html <-- peachjuice /htdocs/in result.html
2005.01.21 01:19 B C:\WINDOWS\Desktop\wedding\peachjuice\in\staying.html <-- peachjuice /htdocs/in staying.html
2005.02.01 20:43 B C:\WINDOWS\Desktop\wedding\peachjuice\in\about.html --> ftp.bravehost.com /peachjuice.bravehost.com/in about.html
2005.02.01 20:43 B C:\WINDOWS\Desktop\wedding\peachjuice\in\contact.html --> ftp.bravehost.com /peachjuice.bravehost.com/in contact.html
2005.02.01 20:43 B C:\WINDOWS\Desktop\wedding\peachjuice\in\events.html --> ftp.bravehost.com /peachjuice.bravehost.com/in events.html
2005.02.01 20:43 B C:\WINDOWS\Desktop\wedding\peachjuice\in\extras.html --> ftp.bravehost.com /peachjuice.bravehost.com/in extras.html
2005.02.01 20:43 B C:\WINDOWS\Desktop\wedding\peachjuice\in\feedback.html --> ftp.bravehost.com /peachjuice.bravehost.com/in feedback.html
2005.02.01 20:43 B C:\WINDOWS\Desktop\wedding\peachjuice\in\index.html --> ftp.bravehost.com /peachjuice.bravehost.com/in index.html
2005.02.01 20:44 B C:\WINDOWS\Desktop\wedding\peachjuice\in\nottoldyet.html --> ftp.bravehost.com /peachjuice.bravehost.com/in nottoldyet.html
2005.02.01 20:44 B C:\WINDOWS\Desktop\wedding\peachjuice\in\people.html --> ftp.bravehost.com /peachjuice.bravehost.com/in people.html
2005.02.01 20:44 B C:\WINDOWS\Desktop\wedding\peachjuice\in\people_160105.html --> ftp.bravehost.com /peachjuice.bravehost.com/in people_160105.html
2005.02.01 20:44 B C:\WINDOWS\Desktop\wedding\peachjuice\in\peter.html --> ftp.bravehost.com /peachjuice.bravehost.com/in peter.html
2005.02.01 20:44 B C:\WINDOWS\Desktop\wedding\peachjuice\in\pictures.html --> ftp.bravehost.com /peachjuice.bravehost.com/in pictures.html
2005.02.01 20:44 B C:\WINDOWS\Desktop\wedding\peachjuice\in\presents.html --> ftp.bravehost.com /peachjuice.bravehost.com/in presents.html
2005.02.01 20:44 B C:\WINDOWS\Desktop\wedding\peachjuice\in\quiz.html --> ftp.bravehost.com /peachjuice.bravehost.com/in quiz.html
2005.02.01 20:44 B C:\WINDOWS\Desktop\wedding\peachjuice\in\result.html --> ftp.bravehost.com /peachjuice.bravehost.com/in result.html
2005.02.01 20:44 B C:\WINDOWS\Desktop\wedding\peachjuice\in\staying.html --> ftp.bravehost.com /peachjuice.bravehost.com/in staying.html
2005.02.01 20:44 B C:\WINDOWS\Desktop\wedding\peachjuice\in\stuff.html --> ftp.bravehost.com /peachjuice.bravehost.com/in stuff.html
2005.02.01 20:47 B C:\WINDOWS\Desktop\wedding\peachjuice\in\about.html --> ftp.bravehost.com /peachjuice.bravehost.com/in about.html
2005.02.01 20:47 B C:\WINDOWS\Desktop\wedding\peachjuice\in\contact.html --> ftp.bravehost.com /peachjuice.bravehost.com/in contact.html
2005.02.01 20:47 B C:\WINDOWS\Desktop\wedding\peachjuice\in\events.html --> ftp.bravehost.com /peachjuice.bravehost.com/in events.html
2005.02.01 20:47 B C:\WINDOWS\Desktop\wedding\peachjuice\in\extras.html --> ftp.bravehost.com /peachjuice.bravehost.com/in extras.html
2005.02.01 20:48 B C:\WINDOWS\Desktop\wedding\peachjuice\in\index.html --> ftp.bravehost.com /peachjuice.bravehost.com/in index.html
2005.02.01 20:49 B C:\WINDOWS\Desktop\wedding\peachjuice\in\nottoldyet.html --> ftp.bravehost.com /peachjuice.bravehost.com/in nottoldyet.html
2005.02.01 20:49 B C:\WINDOWS\Desktop\wedding\peachjuice\in\people.html --> ftp.bravehost.com /peachjuice.bravehost.com/in people.html
2005.02.01 20:49 B C:\WINDOWS\Desktop\wedding\peachjuice\in\people_160105.html --> ftp.bravehost.com /peachjuice.bravehost.com/in people_160105.html
2005.02.01 20:50 B C:\WINDOWS\Desktop\wedding\peachjuice\in\peter.html --> ftp.bravehost.com /peachjuice.bravehost.com/in peter.html
2005.02.01 20:50 B C:\WINDOWS\Desktop\wedding\peachjuice\in\pictures.html --> ftp.bravehost.com /peachjuice.bravehost.com/in pictures.html
2005.02.01 20:50 B C:\WINDOWS\Desktop\wedding\peachjuice\in\presents.html --> ftp.bravehost.com /peachjuice.bravehost.com/in presents.html
2005.02.01 20:50 B C:\WINDOWS\Desktop\wedding\peachjuice\in\quiz.html --> ftp.bravehost.com /peachjuice.bravehost.com/in quiz.html
2005.02.01 20:50 B C:\WINDOWS\Desktop\wedding\peachjuice\in\result.html --> ftp.bravehost.com /peachjuice.bravehost.com/in result.html
2005.02.01 20:50 B C:\WINDOWS\Desktop\wedding\peachjuice\in\staying.html --> ftp.bravehost.com /peachjuice.bravehost.com/in staying.html
2005.02.01 20:51 B C:\WINDOWS\Desktop\wedding\peachjuice\in\stuff.html --> ftp.bravehost.com /peachjuice.bravehost.com/in stuff.html
105.05.16 14:29 B C:\Documents and Settings\ccspga.INGENTA\My Documents\personal\wedding\in\WS_FTP.LOG <-- peachjuice.athome /peachjuice/in WS_FTP.LOG
105.05.16 16:10 B C:\Documents and Settings\ccspga.INGENTA\My Documents\personal\wedding\in\about.html --> ftp.peachjuice.dyndns.org /peachjuice/in about.html
105.05.16 16:10 B C:\Documents and Settings\ccspga.INGENTA\My Documents\personal\wedding\in\admin.html --> ftp.peachjuice.dyndns.org /peachjuice/in admin.html
105.05.16 16:10 B C:\Documents and Settings\ccspga.INGENTA\My Documents\personal\wedding\in\contact.html --> ftp.peachjuice.dyndns.org /peachjuice/in contact.html
105.05.16 16:10 B C:\Documents and Settings\ccspga.INGENTA\My Documents\personal\wedding\in\contact.html~ --> ftp.peachjuice.dyndns.org /peachjuice/in contact.html~
105.05.16 16:10 B C:\Documents and Settings\ccspga.INGENTA\My Documents\personal\wedding\in\events.html --> ftp.peachjuice.dyndns.org /peachjuice/in events.html
105.05.16 16:10 B C:\Documents and Settings\ccspga.INGENTA\My Documents\personal\wedding\in\events.html~ --> ftp.peachjuice.dyndns.org /peachjuice/in events.html~
105.05.16 16:10 B C:\Documents and Settings\ccspga.INGENTA\My Documents\personal\wedding\in\extras.html --> ftp.peachjuice.dyndns.org /peachjuice/in extras.html
105.05.16 16:10 B C:\Documents and Settings\ccspga.INGENTA\My Documents\personal\wedding\in\feedback.html --> ftp.peachjuice.dyndns.org /peachjuice/in feedback.html
105.05.16 16:10 B C:\Documents and Settings\ccspga.INGENTA\My Documents\personal\wedding\in\feedback.html~ --> ftp.peachjuice.dyndns.org /peachjuice/in feedback.html~
105.05.16 16:10 B C:\Documents and Settings\ccspga.INGENTA\My Documents\personal\wedding\in\freuds.html --> ftp.peachjuice.dyndns.org /peachjuice/in freuds.html
105.05.16 16:10 B C:\Documents and Settings\ccspga.INGENTA\My Documents\personal\wedding\in\freuds.html~ --> ftp.peachjuice.dyndns.org /peachjuice/in freuds.html~
105.05.16 16:10 B C:\Documents and Settings\ccspga.INGENTA\My Documents\personal\wedding\in\getting.html --> ftp.peachjuice.dyndns.org /peachjuice/in getting.html
105.05.16 16:10 B C:\Documents and Settings\ccspga.INGENTA\My Documents\personal\wedding\in\index.html --> ftp.peachjuice.dyndns.org /peachjuice/in index.html
105.05.16 16:10 B C:\Documents and Settings\ccspga.INGENTA\My Documents\personal\wedding\in\index.html~ --> ftp.peachjuice.dyndns.org /peachjuice/in index.html~
105.05.16 16:10 B C:\Documents and Settings\ccspga.INGENTA\My Documents\personal\wedding\in\invites.html --> ftp.peachjuice.dyndns.org /peachjuice/in invites.html
105.05.16 16:10 B C:\Documents and Settings\ccspga.INGENTA\My Documents\personal\wedding\in\mailform.pl --> ftp.peachjuice.dyndns.org /peachjuice/in mailform.pl
105.05.16 16:10 B C:\Documents and Settings\ccspga.INGENTA\My Documents\personal\wedding\in\mugs.html --> ftp.peachjuice.dyndns.org /peachjuice/in mugs.html
105.05.16 16:10 B C:\Documents and Settings\ccspga.INGENTA\My Documents\personal\wedding\in\mugs_270405.html --> ftp.peachjuice.dyndns.org /peachjuice/in mugs_270405.html
105.05.16 16:10 B C:\Documents and Settings\ccspga.INGENTA\My Documents\personal\wedding\in\nottoldyet.html --> ftp.peachjuice.dyndns.org /peachjuice/in nottoldyet.html
105.05.16 16:10 B C:\Documents and Settings\ccspga.INGENTA\My Documents\personal\wedding\in\orders.html --> ftp.peachjuice.dyndns.org /peachjuice/in orders.html
105.05.16 16:10 B C:\Documents and Settings\ccspga.INGENTA\My Documents\personal\wedding\in\people.html --> ftp.peachjuice.dyndns.org /peachjuice/in people.html
105.05.16 16:10 B C:\Documents and Settings\ccspga.INGENTA\My Documents\personal\wedding\in\people_160105.html --> ftp.peachjuice.dyndns.org /peachjuice/in people_160105.html
105.05.16 16:10 B C:\Documents and Settings\ccspga.INGENTA\My Documents\personal\wedding\in\peter.html --> ftp.peachjuice.dyndns.org /peachjuice/in peter.html
105.05.16 16:10 B C:\Documents and Settings\ccspga.INGENTA\My Documents\personal\wedding\in\pictures.html --> ftp.peachjuice.dyndns.org /peachjuice/in pictures.html
105.05.16 16:10 B C:\Documents and Settings\ccspga.INGENTA\My Documents\personal\wedding\in\pictures.html~ --> ftp.peachjuice.dyndns.org /peachjuice/in pictures.html~
105.05.16 16:10 B C:\Documents and Settings\ccspga.INGENTA\My Documents\personal\wedding\in\pictures_220205.html --> ftp.peachjuice.dyndns.org /peachjuice/in pictures_220205.html
105.05.16 16:10 B C:\Documents and Settings\ccspga.INGENTA\My Documents\personal\wedding\in\presents.html --> ftp.peachjuice.dyndns.org /peachjuice/in presents.html
105.05.16 16:10 B C:\Documents and Settings\ccspga.INGENTA\My Documents\personal\wedding\in\quiz.html --> ftp.peachjuice.dyndns.org /peachjuice/in quiz.html
105.05.16 16:10 B C:\Documents and Settings\ccspga.INGENTA\My Documents\personal\wedding\in\related.html --> ftp.peachjuice.dyndns.org /peachjuice/in related.html
105.05.16 16:10 B C:\Documents and Settings\ccspga.INGENTA\My Documents\personal\wedding\in\related.html~ --> ftp.peachjuice.dyndns.org /peachjuice/in related.html~
105.05.16 16:10 B C:\Documents and Settings\ccspga.INGENTA\My Documents\personal\wedding\in\result.html --> ftp.peachjuice.dyndns.org /peachjuice/in result.html
105.05.16 16:10 B C:\Documents and Settings\ccspga.INGENTA\My Documents\personal\wedding\in\staying.html --> ftp.peachjuice.dyndns.org /peachjuice/in staying.html
105.05.16 16:10 B C:\Documents and Settings\ccspga.INGENTA\My Documents\personal\wedding\in\staying.html~ --> ftp.peachjuice.dyndns.org /peachjuice/in staying.html~
105.05.16 16:10 B C:\Documents and Settings\ccspga.INGENTA\My Documents\personal\wedding\in\stuff.html --> ftp.peachjuice.dyndns.org /peachjuice/in stuff.html
105.05.16 16:10 B C:\Documents and Settings\ccspga.INGENTA\My Documents\personal\wedding\in\theday.html --> ftp.peachjuice.dyndns.org /peachjuice/in theday.html
