105.01.10 12:06 B C:\Documents and Settings\ccspga.INGENTA\My Documents\personal\mainem\wedding\who\index.html <-- mainem /www_root/wedding/who index.html
105.01.10 13:27 B C:\Documents and Settings\ccspga.INGENTA\My Documents\personal\wedding\who\index.html --> ftp.mainem.co.uk /www_root/wedding/who index.html
105.01.10 13:27 B C:\Documents and Settings\ccspga.INGENTA\My Documents\personal\wedding\who\WS_FTP.LOG --> ftp.mainem.co.uk /www_root/wedding/who WS_FTP.LOG
105.01.10 13:39 B C:\Documents and Settings\ccspga.INGENTA\My Documents\personal\wedding\who\index.html --> ftp.mainem.co.uk /www_root/wedding/who index.html
105.01.10 13:39 B C:\Documents and Settings\ccspga.INGENTA\My Documents\personal\wedding\who\WS_FTP.LOG --> ftp.mainem.co.uk /www_root/wedding/who WS_FTP.LOG
105.01.10 18:34 B C:\Documents and Settings\ccspga.INGENTA\My Documents\personal\wedding\who\charlie.html --> ftp.mainem.co.uk /www_root/wedding/who charlie.html
105.01.10 18:34 B C:\Documents and Settings\ccspga.INGENTA\My Documents\personal\wedding\who\index.html --> ftp.mainem.co.uk /www_root/wedding/who index.html
105.01.10 18:34 B C:\Documents and Settings\ccspga.INGENTA\My Documents\personal\wedding\who\peter.html --> ftp.mainem.co.uk /www_root/wedding/who peter.html
105.01.10 18:34 B C:\Documents and Settings\ccspga.INGENTA\My Documents\personal\wedding\who\WS_FTP.LOG --> ftp.mainem.co.uk /www_root/wedding/who WS_FTP.LOG
105.01.10 18:53 B C:\Documents and Settings\ccspga.INGENTA\My Documents\personal\wedding\who\charlie.html --> ftp.mainem.co.uk /www_root/wedding/who charlie.html
105.01.10 18:53 B C:\Documents and Settings\ccspga.INGENTA\My Documents\personal\wedding\who\index.html --> ftp.mainem.co.uk /www_root/wedding/who index.html
105.01.10 18:53 B C:\Documents and Settings\ccspga.INGENTA\My Documents\personal\wedding\who\peter.html --> ftp.mainem.co.uk /www_root/wedding/who peter.html
105.01.10 18:53 B C:\Documents and Settings\ccspga.INGENTA\My Documents\personal\wedding\who\WS_FTP.LOG --> ftp.mainem.co.uk /www_root/wedding/who WS_FTP.LOG
105.01.11 10:29 B C:\Documents and Settings\ccspga.INGENTA\My Documents\personal\wedding\who\charlie.html --> ftp.peachjuice.net /htdocs/who charlie.html
105.01.11 10:29 B C:\Documents and Settings\ccspga.INGENTA\My Documents\personal\wedding\who\index.html --> ftp.peachjuice.net /htdocs/who index.html
105.01.11 10:29 B C:\Documents and Settings\ccspga.INGENTA\My Documents\personal\wedding\who\peter.html --> ftp.peachjuice.net /htdocs/who peter.html
105.01.11 10:29 B C:\Documents and Settings\ccspga.INGENTA\My Documents\personal\wedding\who\WS_FTP.LOG --> ftp.peachjuice.net /htdocs/who WS_FTP.LOG
105.01.11 18:04 B C:\Documents and Settings\ccspga.INGENTA\My Documents\personal\wedding\who\charlie.html --> ftp.peachjuice.net /htdocs/in/who charlie.html
105.01.11 18:04 B C:\Documents and Settings\ccspga.INGENTA\My Documents\personal\wedding\who\index.html --> ftp.peachjuice.net /htdocs/in/who index.html
105.01.11 18:04 B C:\Documents and Settings\ccspga.INGENTA\My Documents\personal\wedding\who\peter.html --> ftp.peachjuice.net /htdocs/in/who peter.html
2005.01.13 22:27 B C:\WINDOWS\Desktop\wedding\peachjuice\in\who\WS_FTP.LOG <-- peachjuice /htdocs/in/who WS_FTP.LOG
2005.01.14 01:58 B C:\WINDOWS\Desktop\wedding\peachjuice\in\who\charlie.html --> ftp.peachjuice.net /htdocs/in/who charlie.html
2005.01.14 01:58 B C:\WINDOWS\Desktop\wedding\peachjuice\in\who\index.html --> ftp.peachjuice.net /htdocs/in/who index.html
2005.01.14 01:58 B C:\WINDOWS\Desktop\wedding\peachjuice\in\who\peter.html --> ftp.peachjuice.net /htdocs/in/who peter.html
2005.01.14 02:13 B C:\WINDOWS\Desktop\wedding\peachjuice\in\who\charlie.html --> ftp.peachjuice.net /htdocs/in/who charlie.html
2005.01.14 02:13 B C:\WINDOWS\Desktop\wedding\peachjuice\in\who\charlie3.html --> ftp.peachjuice.net /htdocs/in/who charlie3.html
2005.01.14 02:13 B C:\WINDOWS\Desktop\wedding\peachjuice\in\who\index.html --> ftp.peachjuice.net /htdocs/in/who index.html
2005.01.14 02:13 B C:\WINDOWS\Desktop\wedding\peachjuice\in\who\index2.html --> ftp.peachjuice.net /htdocs/in/who index2.html
2005.01.14 02:13 B C:\WINDOWS\Desktop\wedding\peachjuice\in\who\index3.html --> ftp.peachjuice.net /htdocs/in/who index3.html
2005.01.14 02:13 B C:\WINDOWS\Desktop\wedding\peachjuice\in\who\peter.html --> ftp.peachjuice.net /htdocs/in/who peter.html
2005.01.14 02:13 B C:\WINDOWS\Desktop\wedding\peachjuice\in\who\peter2.html --> ftp.peachjuice.net /htdocs/in/who peter2.html
2005.01.14 02:13 B C:\WINDOWS\Desktop\wedding\peachjuice\in\who\peter3.html --> ftp.peachjuice.net /htdocs/in/who peter3.html
2005.01.14 02:13 B C:\WINDOWS\Desktop\wedding\peachjuice\in\who\WS_FTP.LOG --> ftp.peachjuice.net /htdocs/in/who WS_FTP.LOG
2005.01.14 02:19 B C:\WINDOWS\Desktop\wedding\peachjuice\in\who\charlie.html --> ftp.peachjuice.net /htdocs/in/who charlie.html
2005.01.14 02:19 B C:\WINDOWS\Desktop\wedding\peachjuice\in\who\peter.html --> ftp.peachjuice.net /htdocs/in/who peter.html
2005.01.14 02:19 B C:\WINDOWS\Desktop\wedding\peachjuice\in\who\index.html --> ftp.peachjuice.net /htdocs/in/who index.html
2005.01.14 02:23 B C:\WINDOWS\Desktop\wedding\peachjuice\in\who\index.html --> ftp.peachjuice.net /htdocs/in/who index.html
2005.01.14 02:23 B C:\WINDOWS\Desktop\wedding\peachjuice\in\who\peter.html --> ftp.peachjuice.net /htdocs/in/who peter.html
2005.01.14 02:23 B C:\WINDOWS\Desktop\wedding\peachjuice\in\who\charlie.html --> ftp.peachjuice.net /htdocs/in/who charlie.html
2005.01.14 02:24 B C:\WINDOWS\Desktop\wedding\peachjuice\in\who\peter.html --> ftp.peachjuice.net /htdocs/in/who peter.html
2005.01.14 02:25 B C:\WINDOWS\Desktop\wedding\peachjuice\in\who\peter.html --> ftp.peachjuice.net /htdocs/in/who peter.html
2005.01.14 02:27 B C:\WINDOWS\Desktop\wedding\peachjuice\in\who\peter.html --> ftp.peachjuice.net /htdocs/in/who peter.html
2005.01.14 02:27 B C:\WINDOWS\Desktop\wedding\peachjuice\in\who\peter.html --> ftp.peachjuice.net /htdocs/in/who peter.html
2005.01.14 02:29 B C:\WINDOWS\Desktop\wedding\peachjuice\in\who\peter.html --> ftp.peachjuice.net /htdocs/in/who peter.html
2005.01.14 02:29 B C:\WINDOWS\Desktop\wedding\peachjuice\in\who\peter.html --> ftp.peachjuice.net /htdocs/in/who peter.html
2005.01.21 01:19 B C:\WINDOWS\Desktop\wedding\peachjuice\in\who\charlie.html <-- peachjuice /htdocs/in/who charlie.html
2005.01.21 01:19 B C:\WINDOWS\Desktop\wedding\peachjuice\in\who\charlie3.html <-- peachjuice /htdocs/in/who charlie3.html
2005.01.21 01:19 B C:\WINDOWS\Desktop\wedding\peachjuice\in\who\index.html <-- peachjuice /htdocs/in/who index.html
2005.01.21 01:19 B C:\WINDOWS\Desktop\wedding\peachjuice\in\who\index2.html <-- peachjuice /htdocs/in/who index2.html
2005.01.21 01:19 B C:\WINDOWS\Desktop\wedding\peachjuice\in\who\index3.html <-- peachjuice /htdocs/in/who index3.html
2005.01.21 01:19 B C:\WINDOWS\Desktop\wedding\peachjuice\in\who\peter2.html <-- peachjuice /htdocs/in/who peter2.html
2005.01.21 01:19 B C:\WINDOWS\Desktop\wedding\peachjuice\in\who\peter3.html <-- peachjuice /htdocs/in/who peter3.html
2005.02.01 20:45 B C:\WINDOWS\Desktop\wedding\peachjuice\in\who\charlie.html --> ftp.bravehost.com /peachjuice.bravehost.com/in/who charlie.html
2005.02.01 20:46 B C:\WINDOWS\Desktop\wedding\peachjuice\in\who\charlie3.html --> ftp.bravehost.com /peachjuice.bravehost.com/in/who charlie3.html
2005.02.01 20:46 B C:\WINDOWS\Desktop\wedding\peachjuice\in\who\index.html --> ftp.bravehost.com /peachjuice.bravehost.com/in/who index.html
2005.02.01 20:46 B C:\WINDOWS\Desktop\wedding\peachjuice\in\who\index2.html --> ftp.bravehost.com /peachjuice.bravehost.com/in/who index2.html
2005.02.01 20:46 B C:\WINDOWS\Desktop\wedding\peachjuice\in\who\index3.html --> ftp.bravehost.com /peachjuice.bravehost.com/in/who index3.html
2005.02.01 20:46 B C:\WINDOWS\Desktop\wedding\peachjuice\in\who\peter.html --> ftp.bravehost.com /peachjuice.bravehost.com/in/who peter.html
2005.02.01 20:46 B C:\WINDOWS\Desktop\wedding\peachjuice\in\who\peter2.html --> ftp.bravehost.com /peachjuice.bravehost.com/in/who peter2.html
2005.02.01 20:46 B C:\WINDOWS\Desktop\wedding\peachjuice\in\who\peter3.html --> ftp.bravehost.com /peachjuice.bravehost.com/in/who peter3.html
2005.02.01 20:46 B C:\WINDOWS\Desktop\wedding\peachjuice\in\who\WS_FTP.LOG --> ftp.bravehost.com /peachjuice.bravehost.com/in/who WS_FTP.LOG
105.05.16 14:29 B C:\Documents and Settings\ccspga.INGENTA\My Documents\personal\wedding\in\who\WS_FTP.LOG <-- peachjuice.athome /peachjuice/in/who WS_FTP.LOG
105.05.16 16:10 B C:\Documents and Settings\ccspga.INGENTA\My Documents\personal\wedding\in\who\charlie.html --> ftp.peachjuice.dyndns.org /peachjuice/in/who charlie.html
105.05.16 16:10 B C:\Documents and Settings\ccspga.INGENTA\My Documents\personal\wedding\in\who\charlie3.html --> ftp.peachjuice.dyndns.org /peachjuice/in/who charlie3.html
105.05.16 16:10 B C:\Documents and Settings\ccspga.INGENTA\My Documents\personal\wedding\in\who\index.html --> ftp.peachjuice.dyndns.org /peachjuice/in/who index.html
105.05.16 16:10 B C:\Documents and Settings\ccspga.INGENTA\My Documents\personal\wedding\in\who\index2.html --> ftp.peachjuice.dyndns.org /peachjuice/in/who index2.html
105.05.16 16:10 B C:\Documents and Settings\ccspga.INGENTA\My Documents\personal\wedding\in\who\index3.html --> ftp.peachjuice.dyndns.org /peachjuice/in/who index3.html
105.05.16 16:10 B C:\Documents and Settings\ccspga.INGENTA\My Documents\personal\wedding\in\who\peter.html --> ftp.peachjuice.dyndns.org /peachjuice/in/who peter.html
105.05.16 16:10 B C:\Documents and Settings\ccspga.INGENTA\My Documents\personal\wedding\in\who\peter2.html --> ftp.peachjuice.dyndns.org /peachjuice/in/who peter2.html
105.05.16 16:10 B C:\Documents and Settings\ccspga.INGENTA\My Documents\personal\wedding\in\who\peter3.html --> ftp.peachjuice.dyndns.org /peachjuice/in/who peter3.html
