105.01.10 11:29 B C:\Documents and Settings\ccspga\Desktop\peter\wedding\gif\meickle.gif --> ftp.mainem.co.uk /www_root/wedding/gif meickle.gif
105.01.10 11:29 B C:\Documents and Settings\ccspga\Desktop\peter\wedding\gif\smileych.gif --> ftp.mainem.co.uk /www_root/wedding/gif smileych.gif
105.01.10 11:29 B C:\Documents and Settings\ccspga\Desktop\peter\wedding\gif\will.gif --> ftp.mainem.co.uk /www_root/wedding/gif will.gif
105.01.10 11:42 B C:\Documents and Settings\ccspga\Desktop\peter\wedding\gif\meickle.gif --> ftp.mainem.co.uk /www_root/wedding/gif meickle.gif
105.01.10 11:42 B C:\Documents and Settings\ccspga\Desktop\peter\wedding\gif\smileych.gif --> ftp.mainem.co.uk /www_root/wedding/gif smileych.gif
105.01.10 11:42 B C:\Documents and Settings\ccspga\Desktop\peter\wedding\gif\will.gif --> ftp.mainem.co.uk /www_root/wedding/gif will.gif
105.01.10 12:06 B C:\Documents and Settings\ccspga.INGENTA\My Documents\personal\mainem\wedding\gif\WS_FTP.LOG <-- mainem /www_root/wedding/gif WS_FTP.LOG
105.01.10 13:27 B C:\Documents and Settings\ccspga.INGENTA\My Documents\personal\wedding\gif\home1.gif --> ftp.mainem.co.uk /www_root/wedding/gif home1.gif
105.01.10 13:27 B C:\Documents and Settings\ccspga.INGENTA\My Documents\personal\wedding\gif\home2.gif --> ftp.mainem.co.uk /www_root/wedding/gif home2.gif
105.01.10 13:27 B C:\Documents and Settings\ccspga.INGENTA\My Documents\personal\wedding\gif\home3.gif --> ftp.mainem.co.uk /www_root/wedding/gif home3.gif
105.01.10 13:27 B C:\Documents and Settings\ccspga.INGENTA\My Documents\personal\wedding\gif\meickle.gif --> ftp.mainem.co.uk /www_root/wedding/gif meickle.gif
105.01.10 13:27 B C:\Documents and Settings\ccspga.INGENTA\My Documents\personal\wedding\gif\smileych.gif --> ftp.mainem.co.uk /www_root/wedding/gif smileych.gif
105.01.10 13:27 B C:\Documents and Settings\ccspga.INGENTA\My Documents\personal\wedding\gif\will.gif --> ftp.mainem.co.uk /www_root/wedding/gif will.gif
105.01.10 13:27 B C:\Documents and Settings\ccspga.INGENTA\My Documents\personal\wedding\gif\WS_FTP.LOG --> ftp.mainem.co.uk /www_root/wedding/gif WS_FTP.LOG
105.01.10 13:39 B C:\Documents and Settings\ccspga.INGENTA\My Documents\personal\wedding\gif\home1.gif --> ftp.mainem.co.uk /www_root/wedding/gif home1.gif
105.01.10 13:39 B C:\Documents and Settings\ccspga.INGENTA\My Documents\personal\wedding\gif\home2.gif --> ftp.mainem.co.uk /www_root/wedding/gif home2.gif
105.01.10 13:39 B C:\Documents and Settings\ccspga.INGENTA\My Documents\personal\wedding\gif\home3.gif --> ftp.mainem.co.uk /www_root/wedding/gif home3.gif
105.01.10 13:39 B C:\Documents and Settings\ccspga.INGENTA\My Documents\personal\wedding\gif\meickle.gif --> ftp.mainem.co.uk /www_root/wedding/gif meickle.gif
105.01.10 13:39 B C:\Documents and Settings\ccspga.INGENTA\My Documents\personal\wedding\gif\smileych.gif --> ftp.mainem.co.uk /www_root/wedding/gif smileych.gif
105.01.10 13:39 B C:\Documents and Settings\ccspga.INGENTA\My Documents\personal\wedding\gif\will.gif --> ftp.mainem.co.uk /www_root/wedding/gif will.gif
105.01.10 13:39 B C:\Documents and Settings\ccspga.INGENTA\My Documents\personal\wedding\gif\WS_FTP.LOG --> ftp.mainem.co.uk /www_root/wedding/gif WS_FTP.LOG
105.01.10 18:34 B C:\Documents and Settings\ccspga.INGENTA\My Documents\personal\wedding\gif\home1.gif --> ftp.mainem.co.uk /www_root/wedding/gif home1.gif
105.01.10 18:34 B C:\Documents and Settings\ccspga.INGENTA\My Documents\personal\wedding\gif\home2.gif --> ftp.mainem.co.uk /www_root/wedding/gif home2.gif
105.01.10 18:34 B C:\Documents and Settings\ccspga.INGENTA\My Documents\personal\wedding\gif\home3.gif --> ftp.mainem.co.uk /www_root/wedding/gif home3.gif
105.01.10 18:34 B C:\Documents and Settings\ccspga.INGENTA\My Documents\personal\wedding\gif\meickle.gif --> ftp.mainem.co.uk /www_root/wedding/gif meickle.gif
105.01.10 18:34 B C:\Documents and Settings\ccspga.INGENTA\My Documents\personal\wedding\gif\smileych.gif --> ftp.mainem.co.uk /www_root/wedding/gif smileych.gif
105.01.10 18:34 B C:\Documents and Settings\ccspga.INGENTA\My Documents\personal\wedding\gif\will.gif --> ftp.mainem.co.uk /www_root/wedding/gif will.gif
105.01.10 18:34 B C:\Documents and Settings\ccspga.INGENTA\My Documents\personal\wedding\gif\WS_FTP.LOG --> ftp.mainem.co.uk /www_root/wedding/gif WS_FTP.LOG
105.01.10 18:53 B C:\Documents and Settings\ccspga.INGENTA\My Documents\personal\wedding\gif\home.gif --> ftp.mainem.co.uk /www_root/wedding/gif home.gif
105.01.10 18:53 B C:\Documents and Settings\ccspga.INGENTA\My Documents\personal\wedding\gif\home1.gif --> ftp.mainem.co.uk /www_root/wedding/gif home1.gif
105.01.10 18:53 B C:\Documents and Settings\ccspga.INGENTA\My Documents\personal\wedding\gif\home2.gif --> ftp.mainem.co.uk /www_root/wedding/gif home2.gif
105.01.10 18:53 B C:\Documents and Settings\ccspga.INGENTA\My Documents\personal\wedding\gif\home3.gif --> ftp.mainem.co.uk /www_root/wedding/gif home3.gif
105.01.10 18:53 B C:\Documents and Settings\ccspga.INGENTA\My Documents\personal\wedding\gif\meickle.gif --> ftp.mainem.co.uk /www_root/wedding/gif meickle.gif
105.01.10 18:53 B C:\Documents and Settings\ccspga.INGENTA\My Documents\personal\wedding\gif\smileych.gif --> ftp.mainem.co.uk /www_root/wedding/gif smileych.gif
105.01.10 18:53 B C:\Documents and Settings\ccspga.INGENTA\My Documents\personal\wedding\gif\will.gif --> ftp.mainem.co.uk /www_root/wedding/gif will.gif
2005.01.11 01:54 B C:\WINDOWS\Desktop\wedding\peachjuice\gif\WS_FTP.LOG <-- mainem /www_root/wedding/gif WS_FTP.LOG
2005.01.13 22:27 B C:\WINDOWS\Desktop\wedding\peachjuice\gif\home.gif <-- peachjuice /htdocs/gif home.gif
2005.01.13 22:27 B C:\WINDOWS\Desktop\wedding\peachjuice\gif\home1.gif <-- peachjuice /htdocs/gif home1.gif
2005.01.13 22:27 B C:\WINDOWS\Desktop\wedding\peachjuice\gif\home2.gif <-- peachjuice /htdocs/gif home2.gif
2005.01.13 22:27 B C:\WINDOWS\Desktop\wedding\peachjuice\gif\home3.gif <-- peachjuice /htdocs/gif home3.gif
2005.01.13 22:27 B C:\WINDOWS\Desktop\wedding\peachjuice\gif\meickle.gif <-- peachjuice /htdocs/gif meickle.gif
2005.01.21 01:19 B C:\WINDOWS\Desktop\wedding\peachjuice\gif\smileych.gif <-- peachjuice /htdocs/gif smileych.gif
2005.01.21 01:19 B C:\WINDOWS\Desktop\wedding\peachjuice\gif\will.gif <-- peachjuice /htdocs/gif will.gif
